<?xml version="1.0" encoding="UTF-8"?>
<testng-results skipped="0" failed="0" ignored="0" total="1" passed="1">
  <reporter-output>
  </reporter-output>
  <suite name="Suite" duration-ms="95052" started-at="2021-05-27T21:05:43 IST" finished-at="2021-05-27T21:07:18 IST">
    <groups>
    </groups>
    <test name="Chrome" duration-ms="95052" started-at="2021-05-27T21:05:43 IST" finished-at="2021-05-27T21:07:18 IST">
      <class name="com.autobrain.testcases.DemoTest">
        <test-method status="PASS" signature="CheckBrowsers(java.lang.String, java.lang.String)[pri:0, instance:com.autobrain.testcases.DemoTest@1d8d30f7]" name="CheckBrowsers" is-config="true" duration-ms="6154" started-at="2021-05-27T21:05:43 IST" finished-at="2021-05-27T21:05:49 IST">
          <params>
            <param index="0">
              <value>
                <![CDATA[chrome]]>
              </value>
            </param>
            <param index="1">
              <value>
                <![CDATA[false]]>
              </value>
            </param>
          </params>
          <reporter-output>
          </reporter-output>
        </test-method> <!-- CheckBrowsers -->
        <test-method status="PASS" signature="validateFreeBluetoothSignup()[pri:0, instance:com.autobrain.testcases.DemoTest@1d8d30f7]" name="validateFreeBluetoothSignup" duration-ms="88093" started-at="2021-05-27T21:05:49 IST" finished-at="2021-05-27T21:07:17 IST">
          <reporter-output>
          </reporter-output>
        </test-method> <!-- validateFreeBluetoothSignup -->
        <test-method status="PASS" signature="quit()[pri:0, instance:com.autobrain.testcases.DemoTest@1d8d30f7]" name="quit" is-config="true" duration-ms="763" started-at="2021-05-27T21:07:17 IST" finished-at="2021-05-27T21:07:18 IST">
          <reporter-output>
          </reporter-output>
        </test-method> <!-- quit -->
      </class> <!-- com.autobrain.testcases.DemoTest -->
    </test> <!-- Chrome -->
  </suite> <!-- Suite -->
</testng-results>
